{
  "RSpec": {
    "coverage": {
      "/Users/ryansmith/Turing/5mod/take_home/address_detective/spec/address_spec.rb": {
        "lines": [
          1,
          1,
          null,
          1,
          1,
          3,
          null,
          null,
          1,
          1,
          null,
          null,
          1,
          1,
          null,
          null,
          1,
          1,
          null,
          null
        ]
      },
      "/Users/ryansmith/Turing/5mod/take_home/address_detective/lib/address.rb": {
        "lines": [
          1,
          1,
          null,
          null,
          null,
          1,
          15,
          15,
          15,
          null,
          null,
          1,
          2,
          null,
          null
        ]
      },
      "/Users/ryansmith/Turing/5mod/take_home/address_detective/spec/csv_reader_spec.rb": {
        "lines": [
          1,
          1,
          1,
          null,
          1,
          1,
          1,
          1,
          1,
          null,
          1,
          null,
          null,
          1,
          1,
          1,
          null,
          1,
          1,
          null,
          null,
          null
        ]
      },
      "/Users/ryansmith/Turing/5mod/take_home/address_detective/lib/csv_reader.rb": {
        "lines": [
          1,
          1,
          null,
          1,
          2,
          2,
          12,
          null,
          2,
          null,
          null
        ]
      }
    },
    "timestamp": 1680109461
  }
}
