{
  "RSpec": {
    "coverage": {
      "/Users/ryansmith/Turing/5mod/take_home/address_detective/spec/smarty_streets_api_spec.rb": {
        "lines": [
          1,
          1,
          1,
          null,
          1,
          1,
          1,
          null,
          1,
          null,
          1,
          1,
          null,
          null,
          1,
          1,
          null,
          1,
          null,
          null
        ]
      },
      "/Users/ryansmith/Turing/5mod/take_home/address_detective/lib/smarty_streets_api.rb": {
        "lines": [
          1,
          1,
          1,
          null,
          1,
          null,
          1,
          2,
          2,
          2,
          2,
          null,
          2,
          null,
          null,
          1,
          null,
          1,
          2,
          2,
          2,
          2,
          null,
          null,
          null
        ]
      }
    },
    "timestamp": 1680118561
  }
}
